Log file open, 09/05/17 18:37:11
LogInit:Display: Running engine for game: Foundation
LogPlatformFile: Not using cached read wrapper
LogInit:Display: RandInit(881234879) SRandInit(881234880).
LogTaskGraph: Started task graph with 5 named threads and 8 total threads with 1 sets of task threads.
LogStats: Stats thread started at 0.443843
LogInit: Using libcurl 7.47.1
LogInit:  - built for x86_64-pc-win32
LogInit:  - supports SSL with OpenSSL/1.0.2g
LogInit:  - supports HTTP deflate (compression) using libz 1.2.8
LogInit:  - other features:
LogInit:      CURL_VERSION_SSL
LogInit:      CURL_VERSION_LIBZ
LogInit:      CURL_VERSION_IPV6
LogInit:      CURL_VERSION_ASYNCHDNS
LogInit:      CURL_VERSION_LARGEFILE
LogInit:      CURL_VERSION_IDN
LogInit:  CurlRequestOptions (configurable via config and command line):
LogInit:  - bVerifyPeer = false  - Libcurl will NOT verify peer certificate
LogInit:  - bUseHttpProxy = false  - Libcurl will NOT use HTTP proxy
LogInit:  - bDontReuseConnections = false  - Libcurl will reuse connections
LogInit:  - CertBundlePath = nullptr  - Libcurl will use whatever was configured at build time.
LogInit: Build: ++UE4+Release-4.15-CL-3450819
LogInit: Engine Version: 4.15.3-3450819+++UE4+Release-4.15
LogInit: Compatible Engine Version: 4.15.0-3299760+++UE4+Release-4.15
LogInit: Net CL: 3299760
LogDevObjectVersion: Number of dev versions registered: 14
LogDevObjectVersion:   Dev-Blueprints (B0D832E4-1F89-4F0D-ACCF-7EB736FD4AA2): 8
LogDevObjectVersion:   Dev-Build (E1C64328-A22C-4D53-A36C-8E866417BD8C): 0
LogDevObjectVersion:   Dev-Core (375EC13C-06E4-48FB-B500-84F0262A717E): 2
LogDevObjectVersion:   Dev-Editor (E4B068ED-F494-42E9-A231-DA0B2E46BB41): 14
LogDevObjectVersion:   Dev-Framework (CFFC743F-43B0-4480-9391-14DF171D2073): 22
LogDevObjectVersion:   Dev-Mobile (B02B49B5-BB20-44E9-A304-32B752E40360): 0
LogDevObjectVersion:   Dev-Networking (A4E4105C-59A1-49B5-A7C5-40C4547EDFEE): 0
LogDevObjectVersion:   Dev-Online (39C831C9-5AE6-47DC-9A44-9C173E1C8E7C): 0
LogDevObjectVersion:   Dev-Physics (78F01B33-EBEA-4F98-B9B4-84EACCB95AA2): 0
LogDevObjectVersion:   Dev-Platform (6631380F-2D4D-43E0-8009-CF276956A95A): 0
LogDevObjectVersion:   Dev-Rendering (12F88B9F-8875-4AFC-A67C-D90C383ABD29): 12
LogDevObjectVersion:   Dev-Sequencer (7B5AE74C-D270-4C10-A958-57980B212A5A): 3
LogDevObjectVersion:   Dev-VR (D7296918-1DD6-4BDD-9DE2-64A83CC13884): 0
LogDevObjectVersion:   Dev-LoadTimes (C2A15278-BFE7-4AFE-6C17-90FF531DF755): 1
LogInit: Compiled (64-bit): May 21 2017 11:02:34
LogInit: Compiled with Visual C++: 19.00.23026.00
LogInit: Build Configuration: Development
LogInit: Branch Name: ++UE4+Release-4.15
LogInit: Command line:  
LogInit: Base directory: F:/Epic Games/UE_4.15/Engine/Binaries/Win64/
LogInit: Installed Engine Build: 1
LogInit: Presizing for max 8388607 objects, including 0 objects not considered by GC, pre-allocating 0 bytes for permanent pool.
LogInit: Object subsystem initialized
[2017.09.06-01.37.12:630][  0]LogInit: Selected Device Profile: [Windows]
[2017.09.06-01.37.12:630][  0]LogInit: Applying CVar settings loaded from the selected device profile: [Windows]
[2017.09.06-01.37.12:665][  0]LogInit: Computer: ROGUE
[2017.09.06-01.37.12:665][  0]LogInit: User: Paul
[2017.09.06-01.37.12:665][  0]LogInit: CPU Page size=65536, Cores=4
[2017.09.06-01.37.12:665][  0]LogInit: High frequency timer resolution =3.320335 MHz
[2017.09.06-01.37.12:666][  0]LogMemory: Memory total: Physical=31.9GB (32GB approx)
[2017.09.06-01.37.12:666][  0]LogMemory: Platform Memory Stats for Windows
[2017.09.06-01.37.12:666][  0]LogMemory: Process Physical Memory: 262.95 MB used, 262.95 MB peak
[2017.09.06-01.37.12:666][  0]LogMemory: Process Virtual Memory: 262.42 MB used, 262.42 MB peak
[2017.09.06-01.37.12:666][  0]LogMemory: Physical Memory: 7763.34 MB used,  24888.06 MB free, 32651.40 MB total
[2017.09.06-01.37.12:666][  0]LogMemory: Virtual Memory: 644.47 MB used,  24888.06 MB free, 134217728.00 MB total
[2017.09.06-01.37.13:263][  0]LogTextLocalizationManager: No specific translations for ('en-US') exist, so ('en') translations will be used.
[2017.09.06-01.37.16:077][  0]LogD3D11RHI: D3D11 adapters:
[2017.09.06-01.37.16:645][  0]LogD3D11RHI:    0. 'NVIDIA GeForce GTX 980 Ti' (Feature Level 11_0)
[2017.09.06-01.37.16:645][  0]LogD3D11RHI:       6103/0/16325 MB DedicatedVideo/DedicatedSystem/SharedSystem, Outputs:1, VendorId:0x10de
[2017.09.06-01.37.16:648][  0]LogD3D11RHI:    1. 'Intel(R) HD Graphics 4000' (Feature Level 11_0)
[2017.09.06-01.37.16:648][  0]LogD3D11RHI:       32/0/1760 MB DedicatedVideo/DedicatedSystem/SharedSystem, Outputs:0, VendorId:0x8086
[2017.09.06-01.37.16:650][  0]LogD3D11RHI:    2. 'Microsoft Basic Render Driver' (Feature Level 11_0)
[2017.09.06-01.37.16:650][  0]LogD3D11RHI:       0/0/16325 MB DedicatedVideo/DedicatedSystem/SharedSystem, Outputs:0, VendorId:0x1414
[2017.09.06-01.37.16:650][  0]LogD3D11RHI: Chosen D3D11 Adapter: 0
[2017.09.06-01.37.16:660][  0]LogD3D11RHI: Creating new Direct3DDevice
[2017.09.06-01.37.16:660][  0]LogD3D11RHI:     GPU DeviceId: 0x17c8 (for the marketing name, search the web for "GPU Device Id")
[2017.09.06-01.37.16:660][  0]LogWindows: EnumDisplayDevices:
[2017.09.06-01.37.16:660][  0]LogWindows:    0. 'NVIDIA GeForce GTX 980 Ti' (P:1 D:1)
[2017.09.06-01.37.16:660][  0]LogWindows:    1. 'NVIDIA GeForce GTX 980 Ti' (P:0 D:0)
[2017.09.06-01.37.16:660][  0]LogWindows:    2. 'NVIDIA GeForce GTX 980 Ti' (P:0 D:0)
[2017.09.06-01.37.16:660][  0]LogWindows:    3. 'NVIDIA GeForce GTX 980 Ti' (P:0 D:0)
[2017.09.06-01.37.16:660][  0]LogWindows:    4. 'Intel(R) HD Graphics 4000' (P:0 D:0)
[2017.09.06-01.37.16:661][  0]LogWindows:    5. 'Intel(R) HD Graphics 4000' (P:0 D:0)
[2017.09.06-01.37.16:661][  0]LogWindows:    6. 'Intel(R) HD Graphics 4000' (P:0 D:0)
[2017.09.06-01.37.16:661][  0]LogWindows: DebugString: PrimaryIsNotTheChoosenAdapter PrimaryIsNotTheChoosenAdapter PrimaryIsNotTheChoosenAdapter FoundDriverCount:4 
[2017.09.06-01.37.16:661][  0]LogD3D11RHI:     Adapter Name: NVIDIA GeForce GTX 980 Ti
[2017.09.06-01.37.16:661][  0]LogD3D11RHI:   Driver Version: 385.41 (internal:22.21.13.8541, unified:385.41)
[2017.09.06-01.37.16:661][  0]LogD3D11RHI:      Driver Date: 8-21-2017
[2017.09.06-01.37.16:661][  0]LogRHI: Texture pool is 1361 MB (70% of 1945 MB)
[2017.09.06-01.37.17:191][  0]LogD3D11RHI: Async texture creation enabled
[2017.09.06-01.37.17:242][  0]LogD3D11RHI: GPU Timing Frequency: 1000.000000 (Debug: 2 1)
[2017.09.06-01.37.17:290][  0]LogShaderCompilers: Guid format shader working directory is -17 characters bigger than the processId version (../../../../../Unreal Projects/BlueprintsFoundation/Foundation/Intermediate/Shaders/WorkingDirectory/8856/).
[2017.09.06-01.37.17:290][  0]LogShaderCompilers: Cleaned the shader compiler working directory 'C:/Users/Paul/AppData/Local/Temp/UnrealShaderWorkingDir/C39CC54E43E00DE9C76C32AE61AD2C82/'.
[2017.09.06-01.37.17:290][  0]LogShaderCompilers:Display: Using Local Shader Compiler.
[2017.09.06-01.37.20:040][  0]LogTemp:Display: Loaded TP AllDesktopTargetPlatform
[2017.09.06-01.37.20:090][  0]LogTemp:Display: Loaded TP MacClientTargetPlatform
[2017.09.06-01.37.20:140][  0]LogTemp:Display: Loaded TP MacNoEditorTargetPlatform
[2017.09.06-01.37.20:189][  0]LogTemp:Display: Loaded TP MacServerTargetPlatform
[2017.09.06-01.37.20:246][  0]LogTemp:Display: Loaded TP MacTargetPlatform
[2017.09.06-01.37.20:297][  0]LogTemp:Display: Loaded TP WindowsClientTargetPlatform
[2017.09.06-01.37.20:348][  0]LogTemp:Display: Loaded TP WindowsNoEditorTargetPlatform
[2017.09.06-01.37.20:398][  0]LogTemp:Display: Loaded TP WindowsServerTargetPlatform
[2017.09.06-01.37.20:438][  0]LogTemp:Display: Loaded TP WindowsTargetPlatform
[2017.09.06-01.37.20:492][  0]LogTemp:Display: Loaded TP AndroidTargetPlatform
[2017.09.06-01.37.20:542][  0]LogTemp:Display: Loaded TP Android_ASTCTargetPlatform
[2017.09.06-01.37.20:591][  0]LogTemp:Display: Loaded TP Android_ATCTargetPlatform
[2017.09.06-01.37.20:640][  0]LogTemp:Display: Loaded TP Android_DXTTargetPlatform
[2017.09.06-01.37.20:689][  0]LogTemp:Display: Loaded TP Android_ETC1TargetPlatform
[2017.09.06-01.37.20:739][  0]LogTemp:Display: Loaded TP Android_ETC2TargetPlatform
[2017.09.06-01.37.20:841][  0]LogTemp:Display: Loaded TP Android_MultiTargetPlatform
[2017.09.06-01.37.20:841][  0]LogTemp:Display: Loaded TP Android_PVRTCTargetPlatform
[2017.09.06-01.37.20:874][  0]LogTemp:Display: Loaded TP HTML5TargetPlatform
[2017.09.06-01.37.20:993][  0]LogTemp:Display: Loaded TP IOSTargetPlatform
[2017.09.06-01.37.21:026][  0]LogTemp:Display: Loaded TP TVOSTargetPlatform
[2017.09.06-01.37.21:076][  0]LogTemp:Display: Loaded TP LinuxClientTargetPlatform
[2017.09.06-01.37.21:124][  0]LogTemp:Display: Loaded TP LinuxNoEditorTargetPlatform
[2017.09.06-01.37.21:173][  0]LogTemp:Display: Loaded TP LinuxServerTargetPlatform
[2017.09.06-01.37.21:226][  0]LogTemp:Display: Loaded TP LinuxTargetPlatform
[2017.09.06-01.37.21:226][  0]LogTargetPlatformManager:Display: Building Assets For Windows
[2017.09.06-01.37.21:907][  0]LogDerivedDataCache:Display: Max Cache Size: 512 MB
[2017.09.06-01.37.22:156][  0]LogDerivedDataCache: Loaded boot cache 0.25s 55MB C:/Users/Paul/AppData/Local/UnrealEngine/4.15/DerivedDataCache/Boot.ddc.
[2017.09.06-01.37.22:156][  0]LogDerivedDataCache:Display: Loaded Boot cache: C:/Users/Paul/AppData/Local/UnrealEngine/4.15/DerivedDataCache/Boot.ddc
[2017.09.06-01.37.22:156][  0]LogDerivedDataCache: FDerivedDataBackendGraph:  Pak pak cache file ../../../../../Unreal Projects/BlueprintsFoundation/Foundation/DerivedDataCache/DDC.ddp not found, will not use a pak cache.
[2017.09.06-01.37.22:156][  0]LogDerivedDataCache: Unable to find inner node Pak for hierarchical cache Hierarchy.
[2017.09.06-01.37.22:156][  0]LogDerivedDataCache: FDerivedDataBackendGraph:  CompressedPak pak cache file ../../../../../Unreal Projects/BlueprintsFoundation/Foundation/DerivedDataCache/Compressed.ddp not found, will not use a pak cache.
[2017.09.06-01.37.22:156][  0]LogDerivedDataCache: Unable to find inner node CompressedPak for hierarchical cache Hierarchy.
[2017.09.06-01.37.22:183][  0]LogDerivedDataCache:Display: Pak cache opened for reading ../../../Engine/DerivedDataCache/Compressed.ddp.
[2017.09.06-01.37.22:196][  0]LogDerivedDataCache: Using Local data cache path C:/Users/Paul/AppData/Local/UnrealEngine/Common/DerivedDataCache: Writable
[2017.09.06-01.37.22:214][  0]LogSlate: Using Freetype 2.6.0
[2017.09.06-01.37.22:230][  0]LogSlate: SlateFontCache - WITH_FREETYPE: 1, WITH_HARFBUZZ: 1
[2017.09.06-01.37.22:231][  0]LogSlate: SlateFontCache - WITH_FREETYPE: 1, WITH_HARFBUZZ: 1
[2017.09.06-01.37.25:728][  0]LogInit: Selected Device Profile: [Windows]
[2017.09.06-01.37.25:735][  0]LogContentStreaming: Texture pool size is 0.00 MB
[2017.09.06-01.37.26:000][  0]LogMeshUtilities: Using QuadricMeshReduction for automatic static mesh reduction
[2017.09.06-01.37.26:036][  0]LogSimplygon: Simplygon DLL not present - disabling.
[2017.09.06-01.37.26:078][  0]LogMeshUtilities: Using SimplygonSwarm for distributed automatic mesh merging
[2017.09.06-01.37.26:078][  0]LogMeshUtilities: No automatic skeletal mesh reduction module available
[2017.09.06-01.37.26:078][  0]LogMeshUtilities: No automatic mesh merging module available
[2017.09.06-01.37.27:680][  0]LogNetVersion: GetLocalNetworkVersion: CL: 3299760, ProjectName: foundation, ProjectVersion: , EngineNetworkVersion: 2, GameNetworkVersion: 0, NetworkChecksum: 2485637068
[2017.09.06-01.37.27:735][  0]LogAssetRegistry: FAssetRegistry took 0.0245 seconds to start up
[2017.09.06-01.37.27:795][  0]LogPackageLocalizationCache: Processed 3 localized package path(s) for 2 prioritized culture(s) in 0.034980 seconds
[2017.09.06-01.37.27:802][  0]LogUObjectArray: 32493 objects as part of root set at end of initial load.
[2017.09.06-01.37.27:802][  0]LogUObjectAllocator: 7077032 out of 0 bytes used by permanent object pool.
[2017.09.06-01.37.27:802][  0]LogUObjectArray: CloseDisregardForGC: 0/0 objects in disregard for GC pool
[2017.09.06-01.37.27:873][  0]LogInit: WinSock: version 1.1 (2.2), MaxSocks=32767, MaxUdp=65467
[2017.09.06-01.37.32:366][  0]LogTcpMessaging: Initializing TcpMessaging bridge
[2017.09.06-01.37.32:411][  0]LogUdpMessaging: Initializing bridge on interface 0.0.0.0:0 to multicast group 230.0.0.1:6666.
[2017.09.06-01.37.33:180][  0]LogMaterial: Uniform references updated for custom material expression Custom.
[2017.09.06-01.37.33:771][  0]SourceControl: Info Source control is disabled
[2017.09.06-01.37.33:824][  0]SourceControl: Info Source control is disabled
[2017.09.06-01.37.33:933][  0]SourceControl: Info Source control is disabled
[2017.09.06-01.37.33:995][  0]SourceControl: Info Source control is disabled
[2017.09.06-01.37.35:385][  0]LogEngine: Initializing Engine...
[2017.09.06-01.37.35:385][  0]LogHMD: Failed to initialize OpenVR with code 110
[2017.09.06-01.37.35:671][  0]LogStats: UGameplayTagsManager::ConstructGameplayTagTree: Construct from data asset -  0.000 s
[2017.09.06-01.37.35:671][  0]LogStats: UGameplayTagsManager::ConstructGameplayTagTree: GameplayTagTreeChangedEvent.Broadcast -  0.000 s
[2017.09.06-01.37.35:815][  0]LogAIModule: Creating AISystem for world Untitled
[2017.09.06-01.37.35:836][  0]LogInit: XAudio2 using 'Headphones (High Definition Audio Device)' : 2 channels at 48 kHz using 16 bits per sample (channel mask 0x3)
[2017.09.06-01.37.35:853][  0]LogInit: FAudioDevice initialized.
[2017.09.06-01.37.35:887][  0]LogDerivedDataCache: Saved boot cache 0.03s 55MB C:/Users/Paul/AppData/Local/UnrealEngine/4.15/DerivedDataCache/Boot.ddc.
[2017.09.06-01.37.35:897][  0]LogInit: Texture streaming: Enabled
[2017.09.06-01.37.36:014][  0]LogEngineSessionManager: EngineSessionManager initialized
[2017.09.06-01.37.36:111][  0]LogInit: Transaction tracking system initialized
[2017.09.06-01.37.36:444][  0]BlueprintLog: New page: Editor Load
[2017.09.06-01.37.37:324][  0]LocalizationService: Info Localization service is disabled
[2017.09.06-01.37.38:020][  0]LogConsoleResponse:Display: 
[2017.09.06-01.37.38:419][  0]LogFileCache: Scanning file cache for directory 'F:/Unreal Projects/BlueprintsFoundation/Foundation/Content/' took 0.02s
[2017.09.06-01.37.38:419][  0]LogCook:Display: Max memory allowance for cook 16384mb min free memory 0mb
[2017.09.06-01.37.38:420][  0]LogCook:Display: Mobile HDR setting 1
[2017.09.06-01.37.39:481][  0]SourceControl: Info Source control is disabled
[2017.09.06-01.37.39:484][  0]Cmd: MAP LOAD FILE="../../../Engine/Content/Maps/Templates/Template_Default.umap" TEMPLATE=1 SHOWPROGRESS=1 FEATURELEVEL=3
[2017.09.06-01.37.39:491][  0]LightingResults: New page: Lighting Build
[2017.09.06-01.37.39:540][  0]MapCheck: New page: Map Check
[2017.09.06-01.37.39:540][  0]LightingResults: New page: Lighting Build
[2017.09.06-01.37.39:887][  0]LogAIModule: Creating AISystem for world Untitled_1
[2017.09.06-01.37.39:907][  0]LogActorComponent: RegisterComponentWithWorld: (/Temp/Untitled_1.Untitled_1:PersistentLevel.WorldSettings_1.StaticMeshComponent0) Trying to register component with IsPendingKill() == true. Aborting.
[2017.09.06-01.37.39:925][  0]LogEditorServer: Finished looking for orphan Actors (0.000 secs)
[2017.09.06-01.37.39:929][  0]Cmd: MAP CHECKDEP NOCLEARLOG
[2017.09.06-01.37.39:967][  0]MapCheck: Info Map check complete: 0 Error(s), 0 Warning(s), took 37.553ms to complete.
[2017.09.06-01.37.39:967][  0]LogFileHelpers: Loading map 'Template_Default' took 0.484
[2017.09.06-01.37.40:255][  0]LogCollectionManager: Loaded 0 collections in 0.001576 seconds
[2017.09.06-01.37.40:347][  0]LogFileCache: Scanning file cache for directory 'F:/Unreal Projects/BlueprintsFoundation/Foundation/Saved/Collections/' took 0.01s
[2017.09.06-01.37.40:347][  0]LogFileCache: Scanning file cache for directory 'F:/Unreal Projects/BlueprintsFoundation/Foundation/Content/Developers/Paul/Collections/' took 0.01s
[2017.09.06-01.37.40:347][  0]LogFileCache: Scanning file cache for directory 'F:/Unreal Projects/BlueprintsFoundation/Foundation/Content/Collections/' took 0.01s
[2017.09.06-01.37.40:347][  0]LogCollectionManager: Rebuilt the GUID cache for 0 collections in 0.000008 seconds
[2017.09.06-01.37.40:359][  0]LogContentBrowser: Native class hierarchy populated in 0.0102 seconds. Added 2245 classes and 453 folders.
[2017.09.06-01.37.40:424][  0]LogContentBrowser: Native class hierarchy updated for 'WidgetCarousel' in 0.0005 seconds. Added 0 classes and 0 folders.
[2017.09.06-01.37.40:863][  0]LogContentBrowser: Native class hierarchy updated for 'AddContentDialog' in 0.0007 seconds. Added 0 classes and 0 folders.
[2017.09.06-01.37.40:910][  0]LogContentBrowser: Native class hierarchy updated for 'SceneOutliner' in 0.0006 seconds. Added 1 classes and 2 folders.
[2017.09.06-01.37.41:094][  0]LogCrashTracker: Crashtracker disabled due to settings.
[2017.09.06-01.37.42:349][  0]LogSlate: Only BGRA pngs, bmps or icos are supported in by External Image Picker
[2017.09.06-01.37.42:383][  0]LogDirectoryWatcher:Warning: Failed to begin reading directory changes for ../../../../../Unreal Projects/BlueprintsFoundation/Foundation/Plugins/. Error: The system cannot find the file specified. (0x00000002)
[2017.09.06-01.37.42:394][  0]LogUObjectGlobals:Warning: Failed to find object 'Class None.'
[2017.09.06-01.37.42:409][  0]LogTemp:Display: Executing iPhonePackager certificates Engine -bundlename com.YourCompany.Foundation

[2017.09.06-01.37.42:409][  0]LogTemp:Display: CWD: F:\Epic Games\UE_4.15\Engine\Binaries\DotNET\IOS

[2017.09.06-01.37.42:409][  0]LogTemp:Display: Initial Dir: F:\Epic Games\UE_4.15

[2017.09.06-01.37.42:409][  0]LogTemp:Display: Env CWD: F:\Epic Games\UE_4.15\Engine\Binaries\DotNET\IOS

[2017.09.06-01.37.42:409][  0]LogTemp:Display: BranchPath = ROGUE/F/Epic Games/UE_4.15/Engine/Binaries --- GameBranchPath = ROGUE/F/Epic Games/UE_4.15/Engine/Binaries

[2017.09.06-01.37.42:464][  0]LogTemp:Display: IPP ERROR: Application exception: System.IO.DirectoryNotFoundException: Could not find a part of the path 'C:\Users\Paul\AppData\Local\Apple Computer\MobileDevice\Provisioning Profiles'.

[2017.09.06-01.37.42:464][  0]LogTemp:Display:    at System.IO.__Error.WinIOError(Int32 errorCode, String maybeFullPath)

[2017.09.06-01.37.42:464][  0]LogTemp:Display:    at System.IO.FileSystemEnumerableIterator`1.CommonInit()

[2017.09.06-01.37.42:464][  0]LogTemp:Display:    at System.IO.Directory.EnumerateFiles(String path, String searchPattern)

[2017.09.06-01.37.42:464][  0]LogTemp:Display:    at iPhonePackager.CodeSignatureBuilder.FindProvisions(String CFBundleIdentifier)

[2017.09.06-01.37.42:464][  0]LogTemp:Display:    at iPhonePackager.Program.Main(String[] args)

[2017.09.06-01.37.42:464][  0]LogContentBrowser: Native class hierarchy updated for 'HierarchicalLODOutliner' in 0.0006 seconds. Added 1 classes and 2 folders.
[2017.09.06-01.37.42:465][  0]LogLoad: (Engine Initialization) Total time: 34.37 seconds
[2017.09.06-01.37.42:465][  0]LogLoad: (Engine Initialization) Total Blueprint compile time: 0.17 seconds
[2017.09.06-01.37.42:465][  0]LogExternalProfiler: Found external profiler: VSPerf
[2017.09.06-01.37.42:465][  0]LogExternalProfiler: Using external profiler: VSPerf
[2017.09.06-01.37.42:806][  0]LogOcInput: OculusInput pre-init called
[2017.09.06-01.37.42:834][  0]LogContentStreaming: Texture pool size now 1000 MB
[2017.09.06-01.37.42:845][  0]LogSlate: Took 0.006968 seconds to synchronously load lazily loaded font '../../../Engine/Content/Slate/Fonts/Roboto-Regular.ttf' (155K)
[2017.09.06-01.37.42:857][  0]LogSlate: Took 0.005411 seconds to synchronously load lazily loaded font '../../../Engine/Content/Slate/Fonts/Roboto-Bold.ttf' (160K)
[2017.09.06-01.37.43:147][  0]LogRenderer: Reallocating scene render targets to support 2260x988 NumSamples 1 (Frame:2).
[2017.09.06-01.37.43:296][  1]LogAssetRegistry: Asset discovery search completed in 15.5840 seconds
[2017.09.06-01.37.43:297][  1]LogCollectionManager: Rebuilt the object cache for 0 collections in 0.000007 seconds (found 0 objects)
[2017.09.06-01.37.43:297][  1]LogCollectionManager: Fixed up redirectors for 0 collections in 0.000295 seconds (updated 0 objects)
[2017.09.06-01.37.43:965][  3]LogSlate: Took 0.006752 seconds to synchronously load lazily loaded font '../../../Engine/Content/Slate/Fonts/Roboto-Light.ttf' (159K)
[2017.09.06-01.53.10:149][329]LogSlate: Took 0.007257 seconds to synchronously load lazily loaded font '../../../Engine/Content/Editor/Slate/Fonts/FontAwesome.ttf' (139K)
[2017.09.06-01.54.16:698][658]LogSlate: Took 0.000180 seconds to synchronously load lazily loaded font '../../../Engine/Content/Slate/Fonts/Roboto-Light.ttf' (159K)
[2017.09.06-01.54.16:733][658]LogAIModule: Creating AISystem for world FoundationMap
[2017.09.06-01.54.16:754][658]Cmd: MAP LOAD FILE="../../../../../Unreal Projects/BlueprintsFoundation/Foundation/Content/Maps/FoundationMap.umap" TEMPLATE=0 SHOWPROGRESS=1 FEATURELEVEL=3
[2017.09.06-01.54.16:754][658]LightingResults: New page: Lighting Build
[2017.09.06-01.54.16:756][658]LoadErrors: New page: Loading map: FoundationMap.umap
[2017.09.06-01.54.16:756][658]MapCheck: New page: Map Check
[2017.09.06-01.54.16:756][658]LightingResults: New page: Lighting Build
[2017.09.06-01.54.16:840][658]LogEditorServer: Finished looking for orphan Actors (0.000 secs)
[2017.09.06-01.54.16:858][658]Cmd: MAP CHECKDEP NOCLEARLOG
[2017.09.06-01.54.16:895][658]MapCheck: Info Map check complete: 0 Error(s), 0 Warning(s), took 35.689ms to complete.
[2017.09.06-01.54.16:895][658]LogFileHelpers: Loading map 'FoundationMap' took 0.141
[2017.09.06-01.54.18:743][854]LogTemp: Repeting last play command: Selected Viewport
[2017.09.06-01.54.18:755][854]LogPlayLevel: PlayLevel: No blueprints needed recompiling
[2017.09.06-01.54.18:758][854]PIE: New page: PIE session: FoundationMap (Sep 5, 2017, 11:54:18 AM)
[2017.09.06-01.54.18:759][854]LogPlayLevel: Creating play world package: /Game/Maps/UEDPIE_0_FoundationMap
[2017.09.06-01.54.18:761][854]LogPlayLevel: PIE: StaticDuplicateObject took: (0.002579s)
[2017.09.06-01.54.18:762][854]LogAIModule: Creating AISystem for world FoundationMap
[2017.09.06-01.54.18:762][854]LogPlayLevel: PIE: World Init took: (0.000838s)
[2017.09.06-01.54.18:762][854]LogPlayLevel: PIE: Created PIE world by copying editor world from /Game/Maps/FoundationMap.FoundationMap to /Game/Maps/UEDPIE_0_FoundationMap.FoundationMap (0.003902s)
[2017.09.06-01.54.18:786][854]LogInit: XAudio2 using 'Headphones (High Definition Audio Device)' : 2 channels at 48 kHz using 16 bits per sample (channel mask 0x3)
[2017.09.06-01.54.18:795][854]LogInit: FAudioDevice initialized.
[2017.09.06-01.54.18:916][854]LogLoad: Game class is 'FPSGameMode_C'
[2017.09.06-01.54.18:921][854]LogWorld: Bringing World /Game/Maps/UEDPIE_0_FoundationMap.FoundationMap up for play (max tick rate 0) at 2017.09.05-18.54.18
[2017.09.06-01.54.18:921][854]LogWorld: Bringing up level for play took: 0.001977
[2017.09.06-01.54.18:960][854]LogContentBrowser: Native class hierarchy updated for 'MovieSceneCapture' in 0.0006 seconds. Added 11 classes and 0 folders.
[2017.09.06-01.54.18:965][854]PIE: Info Play in editor start time for /Game/Maps/UEDPIE_0_FoundationMap -0.442
[2017.09.06-02.34.12:692][ 44]Cmd: OBJ SAVEPACKAGE PACKAGE="/Game/Blueprints/TracerController" FILE="../../../../../Unreal Projects/BlueprintsFoundation/Foundation/Content/Blueprints/TracerController.uasset" SILENT=true
[2017.09.06-02.34.12:735][ 44]LogSavePackage: Save=39.41ms
[2017.09.06-02.34.12:735][ 44]LogSavePackage: Moving '../../../../../Unreal Projects/BlueprintsFoundation/Foundation/Saved/TracerController4A47C5C24465891C670259A2D15B2993.tmp' to '../../../../../Unreal Projects/BlueprintsFoundation/Foundation/Content/Blueprints/TracerController.uasset'
[2017.09.06-02.34.12:738][ 44]LogSavePackage:Display: Finished SavePackage ../../../../../Unreal Projects/BlueprintsFoundation/Foundation/Content/Blueprints/TracerController.uasset
[2017.09.06-02.34.42:134][708]LogSlate: Took 0.000155 seconds to synchronously load lazily loaded font '../../../Engine/Content/Slate/Fonts/Roboto-Regular.ttf' (155K)
[2017.09.06-02.34.42:270][708]LogContentBrowser: Native class hierarchy updated for 'BlueprintGraph' in 0.0011 seconds. Added 112 classes and 0 folders.
[2017.09.06-02.34.43:271][708]LogSlate: Took 0.005106 seconds to synchronously load lazily loaded font '../../../Engine/Content/Editor/Slate/Fonts/Roboto-BoldCondensed.ttf' (158K)
[2017.09.06-02.34.43:457][709]LogSlate: Took 0.006516 seconds to synchronously load lazily loaded font '../../../Engine/Content/Editor/Slate/Fonts/Roboto-Italic.ttf' (157K)
[2017.09.06-02.35.39:507][633]LogSlate: Took 0.005003 seconds to synchronously load lazily loaded font '../../../Engine/Content/Editor/Slate/Fonts/Roboto-BoldCondensedItalic.ttf' (160K)
[2017.09.06-02.40.57:004][137]LogFileHelpers: Editor autosave (incl. sublevels) for '/Game/Maps/FoundationMap' took 0.029
[2017.09.06-02.40.57:005][137]OBJ SavePackage: Generating thumbnails for [0] asset(s) in package [/Game/Blueprints/TracerController] ([1] browsable assets)...
[2017.09.06-02.40.57:005][137]OBJ SavePackage: Finished generating thumbnails for package [/Game/Blueprints/TracerController]
[2017.09.06-02.40.57:049][137]LogSavePackage: Save=34.18ms
[2017.09.06-02.40.57:049][137]LogSavePackage: Moving '../../../../../Unreal Projects/BlueprintsFoundation/Foundation/Saved/TracerController_Auto150BEE43B4CD119DE87399782F452FD9D.tmp' to '../../../../../Unreal Projects/BlueprintsFoundation/Foundation/Saved/Autosaves/Game/Blueprints/TracerController_Auto1.uasset'
[2017.09.06-02.40.57:050][137]LogSavePackage:Display: Finished SavePackage ../../../../../Unreal Projects/BlueprintsFoundation/Foundation/Saved/Autosaves/Game/Blueprints/TracerController_Auto1.uasset
[2017.09.06-02.40.57:050][137]LogFileHelpers: Auto-saving content packages took 0.046
[2017.09.06-02.41.03:557][616]BlueprintLog: New page: Compile TracerController
[2017.09.06-02.41.11:937][435]Cmd: OBJ SAVEPACKAGE PACKAGE="/Game/Blueprints/TracerController" FILE="../../../../../Unreal Projects/BlueprintsFoundation/Foundation/Content/Blueprints/TracerController.uasset" SILENT=true
[2017.09.06-02.41.11:973][435]LogSavePackage: Save=34.07ms
[2017.09.06-02.41.11:973][435]LogSavePackage: Moving '../../../../../Unreal Projects/BlueprintsFoundation/Foundation/Saved/TracerControllerAE08083143848BE080D7939DE678E11F.tmp' to '../../../../../Unreal Projects/BlueprintsFoundation/Foundation/Content/Blueprints/TracerController.uasset'
[2017.09.06-02.41.11:976][435]LogSavePackage:Display: Finished SavePackage ../../../../../Unreal Projects/BlueprintsFoundation/Foundation/Content/Blueprints/TracerController.uasset
[2017.09.06-02.47.42:913][527]LogClass:Warning: Type mismatch in RecallPosistions of SKEL_TracerController_C - Previous (StructProperty) Current(ArrayProperty) for package:  FObjectReader
[2017.09.06-02.51.11:130][368]LogFileHelpers: Editor autosave (incl. sublevels) for '/Game/Maps/FoundationMap' took 0.018
[2017.09.06-02.51.11:132][368]OBJ SavePackage: Generating thumbnails for [0] asset(s) in package [/Game/Blueprints/TracerController] ([1] browsable assets)...
[2017.09.06-02.51.11:132][368]OBJ SavePackage: Finished generating thumbnails for package [/Game/Blueprints/TracerController]
[2017.09.06-02.51.11:177][368]LogSavePackage: Save=38.16ms
[2017.09.06-02.51.11:177][368]LogSavePackage: Moving '../../../../../Unreal Projects/BlueprintsFoundation/Foundation/Saved/TracerController_Auto226FC61554F2A912BFDCF1697693469A2.tmp' to '../../../../../Unreal Projects/BlueprintsFoundation/Foundation/Saved/Autosaves/Game/Blueprints/TracerController_Auto2.uasset'
[2017.09.06-02.51.11:178][368]LogSavePackage:Display: Finished SavePackage ../../../../../Unreal Projects/BlueprintsFoundation/Foundation/Saved/Autosaves/Game/Blueprints/TracerController_Auto2.uasset
[2017.09.06-02.51.11:178][368]LogFileHelpers: Auto-saving content packages took 0.047
[2017.09.06-02.56.26:639][669]BlueprintLog: New page: Compile TracerController
[2017.09.06-02.56.27:947][705]BlueprintLog: New page: Compile TracerController
[2017.09.06-02.56.28:439][728]BlueprintLog: New page: Compile TracerController
[2017.09.06-02.56.28:785][733]BlueprintLog: New page: Compile TracerController
[2017.09.06-02.56.30:925][774]BlueprintLog: New page: Compile TracerController
[2017.09.06-02.56.31:677][788]BlueprintLog: New page: Compile TracerController
[2017.09.06-02.56.33:378][935]Cmd: OBJ SAVEPACKAGE PACKAGE="/Game/Blueprints/TracerController" FILE="../../../../../Unreal Projects/BlueprintsFoundation/Foundation/Content/Blueprints/TracerController.uasset" SILENT=true
[2017.09.06-02.56.33:427][935]LogSavePackage: Save=41.39ms
[2017.09.06-02.56.33:427][935]LogSavePackage: Moving '../../../../../Unreal Projects/BlueprintsFoundation/Foundation/Saved/TracerControllerE382E78D410F88DBEDC186B0D66FACA1.tmp' to '../../../../../Unreal Projects/BlueprintsFoundation/Foundation/Content/Blueprints/TracerController.uasset'
[2017.09.06-02.56.33:431][935]LogSavePackage:Display: Finished SavePackage ../../../../../Unreal Projects/BlueprintsFoundation/Foundation/Content/Blueprints/TracerController.uasset
[2017.09.06-02.57.31:697][443]BlueprintLog: New page: Compile FPSGameMode
[2017.09.06-02.57.32:555][511]Cmd: OBJ SAVEPACKAGE PACKAGE="/Game/Blueprints/FPSGameMode" FILE="../../../../../Unreal Projects/BlueprintsFoundation/Foundation/Content/Blueprints/FPSGameMode.uasset" SILENT=true
[2017.09.06-02.57.32:576][511]LogSavePackage: Save=13.54ms
[2017.09.06-02.57.32:576][511]LogSavePackage: Moving '../../../../../Unreal Projects/BlueprintsFoundation/Foundation/Saved/FPSGameMode6E239AC14DE0168E3573778BAD8D9A52.tmp' to '../../../../../Unreal Projects/BlueprintsFoundation/Foundation/Content/Blueprints/FPSGameMode.uasset'
[2017.09.06-02.57.32:578][511]LogSavePackage:Display: Finished SavePackage ../../../../../Unreal Projects/BlueprintsFoundation/Foundation/Content/Blueprints/FPSGameMode.uasset
[2017.09.06-02.57.36:257][858]BlueprintLog: New page: Compile TracerController
[2017.09.06-02.57.37:342][905]Cmd: OBJ SAVEPACKAGE PACKAGE="/Game/Blueprints/TracerController" FILE="../../../../../Unreal Projects/BlueprintsFoundation/Foundation/Content/Blueprints/TracerController.uasset" SILENT=true
[2017.09.06-02.57.37:385][905]LogSavePackage: Save=40.89ms
[2017.09.06-02.57.37:385][905]LogSavePackage: Moving '../../../../../Unreal Projects/BlueprintsFoundation/Foundation/Saved/TracerController3C8EA6704AA2B54746D14A8285A47434.tmp' to '../../../../../Unreal Projects/BlueprintsFoundation/Foundation/Content/Blueprints/TracerController.uasset'
[2017.09.06-02.57.37:387][905]LogSavePackage:Display: Finished SavePackage ../../../../../Unreal Projects/BlueprintsFoundation/Foundation/Content/Blueprints/TracerController.uasset
[2017.09.06-02.57.39:733][ 80]LogTemp: Repeting last play command: Selected Viewport
[2017.09.06-02.57.39:748][ 80]LogPlayLevel: PlayLevel: No blueprints needed recompiling
[2017.09.06-02.57.39:748][ 80]PIE: New page: PIE session: FoundationMap (Sep 5, 2017, 12:57:39 PM)
[2017.09.06-02.57.39:748][ 80]LogPlayLevel: Creating play world package: /Game/Maps/UEDPIE_0_FoundationMap
[2017.09.06-02.57.39:751][ 80]LogPlayLevel: PIE: StaticDuplicateObject took: (0.002402s)
[2017.09.06-02.57.39:751][ 80]LogAIModule: Creating AISystem for world FoundationMap
[2017.09.06-02.57.39:751][ 80]LogPlayLevel: PIE: World Init took: (0.000769s)
[2017.09.06-02.57.39:752][ 80]LogPlayLevel: PIE: Created PIE world by copying editor world from /Game/Maps/FoundationMap.FoundationMap to /Game/Maps/UEDPIE_0_FoundationMap.FoundationMap (0.003382s)
[2017.09.06-02.57.39:775][ 80]LogInit: XAudio2 using 'Headphones (High Definition Audio Device)' : 2 channels at 48 kHz using 16 bits per sample (channel mask 0x3)
[2017.09.06-02.57.39:783][ 80]LogInit: FAudioDevice initialized.
[2017.09.06-02.57.39:816][ 80]LogLoad: Game class is 'FPSGameMode_C'
[2017.09.06-02.57.39:819][ 80]LogWorld: Bringing World /Game/Maps/UEDPIE_0_FoundationMap.FoundationMap up for play (max tick rate 0) at 2017.09.05-19.57.39
[2017.09.06-02.57.39:819][ 80]LogWorld: Bringing up level for play took: 0.001299
[2017.09.06-02.57.39:820][ 80]PIE: Info Play in editor start time for /Game/Maps/UEDPIE_0_FoundationMap 0.414
[2017.09.06-03.39.54:443][661]LogEditorViewport: Clicking on Actor (LMB): BP_Sky_Sphere_C (Sky Sphere)
[2017.09.06-03.40.18:493][ 97]LogTemp: Repeting last play command: Selected Viewport
[2017.09.06-03.40.18:512][ 97]LogPlayLevel: PlayLevel: No blueprints needed recompiling
[2017.09.06-03.40.18:513][ 97]PIE: New page: PIE session: FoundationMap (Sep 5, 2017, 1:40:18 PM)
[2017.09.06-03.40.18:513][ 97]LogPlayLevel: Creating play world package: /Game/Maps/UEDPIE_0_FoundationMap
[2017.09.06-03.40.18:515][ 97]LogPlayLevel: PIE: StaticDuplicateObject took: (0.002362s)
[2017.09.06-03.40.18:516][ 97]LogAIModule: Creating AISystem for world FoundationMap
[2017.09.06-03.40.18:516][ 97]LogPlayLevel: PIE: World Init took: (0.000819s)
[2017.09.06-03.40.18:516][ 97]LogPlayLevel: PIE: Created PIE world by copying editor world from /Game/Maps/FoundationMap.FoundationMap to /Game/Maps/UEDPIE_0_FoundationMap.FoundationMap (0.003404s)
[2017.09.06-03.40.18:543][ 97]LogInit: XAudio2 using 'Headphones (High Definition Audio Device)' : 2 channels at 48 kHz using 16 bits per sample (channel mask 0x3)
[2017.09.06-03.40.18:551][ 97]LogInit: FAudioDevice initialized.
[2017.09.06-03.40.18:581][ 97]LogLoad: Game class is 'FPSGameMode_C'
[2017.09.06-03.40.18:584][ 97]LogWorld: Bringing World /Game/Maps/UEDPIE_0_FoundationMap.FoundationMap up for play (max tick rate 0) at 2017.09.05-20.40.18
[2017.09.06-03.40.18:584][ 97]LogWorld: Bringing up level for play took: 0.001466
[2017.09.06-03.40.18:586][ 97]PIE: Info Play in editor start time for /Game/Maps/UEDPIE_0_FoundationMap -0.821
[2017.09.06-03.42.13:578][107]LogFileHelpers: Editor autosave (incl. sublevels) for '/Game/Maps/FoundationMap' took 0.016
[2017.09.06-03.42.13:604][107]OBJ SavePackage: Generating thumbnails for [0] asset(s) in package [/Game/Blueprints/TracerController] ([1] browsable assets)...
[2017.09.06-03.42.13:604][107]OBJ SavePackage: Finished generating thumbnails for package [/Game/Blueprints/TracerController]
[2017.09.06-03.42.13:655][107]LogSavePackage: Save=43.54ms
[2017.09.06-03.42.13:655][107]LogSavePackage: Moving '../../../../../Unreal Projects/BlueprintsFoundation/Foundation/Saved/TracerController_Auto377C503514CCC693E9DECC996362EC33B.tmp' to '../../../../../Unreal Projects/BlueprintsFoundation/Foundation/Saved/Autosaves/Game/Blueprints/TracerController_Auto3.uasset'
[2017.09.06-03.42.13:656][107]LogSavePackage:Display: Finished SavePackage ../../../../../Unreal Projects/BlueprintsFoundation/Foundation/Saved/Autosaves/Game/Blueprints/TracerController_Auto3.uasset
[2017.09.06-03.42.13:656][107]LogFileHelpers: Auto-saving content packages took 0.052
[2017.09.06-03.45.59:228][260]BlueprintLog: New page: Compile TracerController
[2017.09.06-03.45.59:553][267]BlueprintLog: New page: Compile TracerController
[2017.09.06-03.45.59:743][269]BlueprintLog: New page: Compile TracerController
[2017.09.06-03.46.00:272][311]BlueprintLog: New page: Compile TracerController
[2017.09.06-03.46.00:464][313]BlueprintLog: New page: Compile TracerController
[2017.09.06-03.46.00:638][314]BlueprintLog: New page: Compile TracerController
[2017.09.06-03.46.00:813][315]BlueprintLog: New page: Compile TracerController
[2017.09.06-03.46.00:988][316]BlueprintLog: New page: Compile TracerController
[2017.09.06-03.46.01:241][325]BlueprintLog: New page: Compile TracerController
[2017.09.06-03.52.13:922][560]LogFileHelpers: Editor autosave (incl. sublevels) for '/Game/Maps/FoundationMap' took 0.027
[2017.09.06-03.52.13:924][560]OBJ SavePackage: Generating thumbnails for [0] asset(s) in package [/Game/Blueprints/TracerController] ([1] browsable assets)...
[2017.09.06-03.52.13:924][560]OBJ SavePackage: Finished generating thumbnails for package [/Game/Blueprints/TracerController]
[2017.09.06-03.52.13:993][560]LogSavePackage: Save=58.14ms
[2017.09.06-03.52.13:993][560]LogSavePackage: Moving '../../../../../Unreal Projects/BlueprintsFoundation/Foundation/Saved/TracerController_Auto4674CBACB4BCFEFB17ADE67A89332E2BF.tmp' to '../../../../../Unreal Projects/BlueprintsFoundation/Foundation/Saved/Autosaves/Game/Blueprints/TracerController_Auto4.uasset'
[2017.09.06-03.52.13:993][560]LogSavePackage:Display: Finished SavePackage ../../../../../Unreal Projects/BlueprintsFoundation/Foundation/Saved/Autosaves/Game/Blueprints/TracerController_Auto4.uasset
[2017.09.06-03.52.13:993][560]LogFileHelpers: Auto-saving content packages took 0.070
[2017.09.06-03.54.45:639][269]BlueprintLog: New page: Compile TracerController
[2017.09.06-03.54.57:179][557]Cmd: OBJ SAVEPACKAGE PACKAGE="/Game/Blueprints/TracerController" FILE="../../../../../Unreal Projects/BlueprintsFoundation/Foundation/Content/Blueprints/TracerController.uasset" SILENT=true
[2017.09.06-03.54.57:228][557]LogSavePackage: Save=46.50ms
[2017.09.06-03.54.57:228][557]LogSavePackage: Moving '../../../../../Unreal Projects/BlueprintsFoundation/Foundation/Saved/TracerController4F3524374D28C6F810F20683D367F92C.tmp' to '../../../../../Unreal Projects/BlueprintsFoundation/Foundation/Content/Blueprints/TracerController.uasset'
[2017.09.06-03.54.57:230][557]LogSavePackage:Display: Finished SavePackage ../../../../../Unreal Projects/BlueprintsFoundation/Foundation/Content/Blueprints/TracerController.uasset
[2017.09.06-03.54.59:549][789]Cmd: OBJ SAVEPACKAGE PACKAGE="/Game/Blueprints/TracerController" FILE="../../../../../Unreal Projects/BlueprintsFoundation/Foundation/Content/Blueprints/TracerController.uasset" SILENT=true
[2017.09.06-03.54.59:598][789]LogSavePackage: Save=46.89ms
[2017.09.06-03.54.59:598][789]LogSavePackage: Moving '../../../../../Unreal Projects/BlueprintsFoundation/Foundation/Saved/TracerControllerCF6182C34F6F6450D91158A1410EA108.tmp' to '../../../../../Unreal Projects/BlueprintsFoundation/Foundation/Content/Blueprints/TracerController.uasset'
[2017.09.06-03.54.59:599][789]LogSavePackage:Display: Finished SavePackage ../../../../../Unreal Projects/BlueprintsFoundation/Foundation/Content/Blueprints/TracerController.uasset
[2017.09.06-04.00.58:014][834]BlueprintLog: New page: Compile TracerController
[2017.09.06-04.01.01:065][920]Cmd: OBJ SAVEPACKAGE PACKAGE="/Game/Blueprints/TracerController" FILE="../../../../../Unreal Projects/BlueprintsFoundation/Foundation/Content/Blueprints/TracerController.uasset" SILENT=true
[2017.09.06-04.01.01:131][920]LogSavePackage: Save=58.72ms
[2017.09.06-04.01.01:131][920]LogSavePackage: Moving '../../../../../Unreal Projects/BlueprintsFoundation/Foundation/Saved/TracerController0C7FECBC4AE7C8F91F1380A371881B39.tmp' to '../../../../../Unreal Projects/BlueprintsFoundation/Foundation/Content/Blueprints/TracerController.uasset'
[2017.09.06-04.01.01:134][920]LogSavePackage:Display: Finished SavePackage ../../../../../Unreal Projects/BlueprintsFoundation/Foundation/Content/Blueprints/TracerController.uasset
[2017.09.06-04.01.01:634][952]Cmd: OBJ SAVEPACKAGE PACKAGE="/Game/Blueprints/TracerController" FILE="../../../../../Unreal Projects/BlueprintsFoundation/Foundation/Content/Blueprints/TracerController.uasset" SILENT=true
[2017.09.06-04.01.01:689][952]LogSavePackage: Save=52.31ms
[2017.09.06-04.01.01:689][952]LogSavePackage: Moving '../../../../../Unreal Projects/BlueprintsFoundation/Foundation/Saved/TracerController00BE2FD9492A77CF89B50E9F3858CE2E.tmp' to '../../../../../Unreal Projects/BlueprintsFoundation/Foundation/Content/Blueprints/TracerController.uasset'
[2017.09.06-04.01.01:690][952]LogSavePackage:Display: Finished SavePackage ../../../../../Unreal Projects/BlueprintsFoundation/Foundation/Content/Blueprints/TracerController.uasset
[2017.09.06-04.01.17:598][526]BlueprintLog: New page: Compile TracerController
[2017.09.06-04.01.17:856][529]BlueprintLog: New page: Compile TracerController
[2017.09.06-04.01.18:411][542]Cmd: OBJ SAVEPACKAGE PACKAGE="/Game/Blueprints/TracerController" FILE="../../../../../Unreal Projects/BlueprintsFoundation/Foundation/Content/Blueprints/TracerController.uasset" SILENT=true
[2017.09.06-04.01.18:470][542]LogSavePackage: Save=56.00ms
[2017.09.06-04.01.18:471][542]LogSavePackage: Moving '../../../../../Unreal Projects/BlueprintsFoundation/Foundation/Saved/TracerController1D242D0445B5D8A7D47F459B336E7817.tmp' to '../../../../../Unreal Projects/BlueprintsFoundation/Foundation/Content/Blueprints/TracerController.uasset'
[2017.09.06-04.01.18:472][542]LogSavePackage:Display: Finished SavePackage ../../../../../Unreal Projects/BlueprintsFoundation/Foundation/Content/Blueprints/TracerController.uasset
[2017.09.06-04.04.15:906][553]LogFileHelpers: Editor autosave (incl. sublevels) for '/Game/Maps/FoundationMap' took 0.024
[2017.09.06-04.04.15:908][553]OBJ SavePackage: Generating thumbnails for [0] asset(s) in package [/Game/Blueprints/TracerController] ([1] browsable assets)...
[2017.09.06-04.04.15:908][553]OBJ SavePackage: Finished generating thumbnails for package [/Game/Blueprints/TracerController]
[2017.09.06-04.04.15:966][553]LogSavePackage: Save=53.77ms
[2017.09.06-04.04.15:966][553]LogSavePackage: Moving '../../../../../Unreal Projects/BlueprintsFoundation/Foundation/Saved/TracerController_Auto5389ED232487D3CC4A83DC1B2BD021EC2.tmp' to '../../../../../Unreal Projects/BlueprintsFoundation/Foundation/Saved/Autosaves/Game/Blueprints/TracerController_Auto5.uasset'
[2017.09.06-04.04.15:967][553]LogSavePackage:Display: Finished SavePackage ../../../../../Unreal Projects/BlueprintsFoundation/Foundation/Saved/Autosaves/Game/Blueprints/TracerController_Auto5.uasset
[2017.09.06-04.04.15:967][553]LogFileHelpers: Auto-saving content packages took 0.060
[2017.09.06-04.18.54:644][579]BlueprintLog: New page: Compile TracerController
[2017.09.06-04.18.55:050][584]BlueprintLog: New page: Compile TracerController
[2017.09.06-04.19.26:861][753]LogFileHelpers: Editor autosave (incl. sublevels) for '/Game/Maps/FoundationMap' took 0.050
[2017.09.06-04.19.26:863][753]OBJ SavePackage: Generating thumbnails for [0] asset(s) in package [/Game/Blueprints/TracerController] ([1] browsable assets)...
[2017.09.06-04.19.26:863][753]OBJ SavePackage: Finished generating thumbnails for package [/Game/Blueprints/TracerController]
[2017.09.06-04.19.26:929][753]LogSavePackage: Save=56.34ms
[2017.09.06-04.19.26:929][753]LogSavePackage: Moving '../../../../../Unreal Projects/BlueprintsFoundation/Foundation/Saved/TracerController_Auto6D32112D64AE73F78A197E48115B5B22C.tmp' to '../../../../../Unreal Projects/BlueprintsFoundation/Foundation/Saved/Autosaves/Game/Blueprints/TracerController_Auto6.uasset'
[2017.09.06-04.19.26:930][753]LogSavePackage:Display: Finished SavePackage ../../../../../Unreal Projects/BlueprintsFoundation/Foundation/Saved/Autosaves/Game/Blueprints/TracerController_Auto6.uasset
[2017.09.06-04.19.26:930][753]LogFileHelpers: Auto-saving content packages took 0.068
[2017.09.06-04.20.21:614][107]BlueprintLog: New page: Compile TracerController
[2017.09.06-04.29.27:516][852]LogFileHelpers: Editor autosave (incl. sublevels) for '/Game/Maps/FoundationMap' took 0.047
[2017.09.06-04.29.27:518][852]OBJ SavePackage: Generating thumbnails for [0] asset(s) in package [/Game/Blueprints/TracerController] ([1] browsable assets)...
[2017.09.06-04.29.27:518][852]OBJ SavePackage: Finished generating thumbnails for package [/Game/Blueprints/TracerController]
[2017.09.06-04.29.27:583][852]LogSavePackage: Save=58.21ms
[2017.09.06-04.29.27:583][852]LogSavePackage: Moving '../../../../../Unreal Projects/BlueprintsFoundation/Foundation/Saved/TracerController_Auto7FCE3A39140400E1EED52EF939F03E224.tmp' to '../../../../../Unreal Projects/BlueprintsFoundation/Foundation/Saved/Autosaves/Game/Blueprints/TracerController_Auto7.uasset'
[2017.09.06-04.29.27:584][852]LogSavePackage:Display: Finished SavePackage ../../../../../Unreal Projects/BlueprintsFoundation/Foundation/Saved/Autosaves/Game/Blueprints/TracerController_Auto7.uasset
[2017.09.06-04.29.27:584][852]LogFileHelpers: Auto-saving content packages took 0.067
[2017.09.06-04.39.53:971][809]LogEditorTransaction: Undo Move Node
[2017.09.06-04.39.55:704][831]LogEditorTransaction: Undo Move Node
[2017.09.06-04.40.20:031][628]LogFileHelpers: Editor autosave (incl. sublevels) for '/Game/Maps/FoundationMap' took 0.020
[2017.09.06-04.40.20:033][628]OBJ SavePackage: Generating thumbnails for [0] asset(s) in package [/Game/Blueprints/TracerController] ([1] browsable assets)...
[2017.09.06-04.40.20:033][628]OBJ SavePackage: Finished generating thumbnails for package [/Game/Blueprints/TracerController]
[2017.09.06-04.40.20:108][628]LogSavePackage: Save=62.10ms
[2017.09.06-04.40.20:108][628]LogSavePackage: Moving '../../../../../Unreal Projects/BlueprintsFoundation/Foundation/Saved/TracerController_Auto84642CC644B0BBA056AED94B95FEDD17B.tmp' to '../../../../../Unreal Projects/BlueprintsFoundation/Foundation/Saved/Autosaves/Game/Blueprints/TracerController_Auto8.uasset'
[2017.09.06-04.40.20:109][628]LogSavePackage:Display: Finished SavePackage ../../../../../Unreal Projects/BlueprintsFoundation/Foundation/Saved/Autosaves/Game/Blueprints/TracerController_Auto8.uasset
[2017.09.06-04.40.20:109][628]LogFileHelpers: Auto-saving content packages took 0.077
[2017.09.06-04.44.19:419][661]BlueprintLog: New page: Compile TracerController
[2017.09.06-04.52.53:733][595]LogFileHelpers: Editor autosave (incl. sublevels) for '/Game/Maps/FoundationMap' took 0.021
[2017.09.06-04.52.53:735][595]OBJ SavePackage: Generating thumbnails for [0] asset(s) in package [/Game/Blueprints/TracerController] ([1] browsable assets)...
[2017.09.06-04.52.53:735][595]OBJ SavePackage: Finished generating thumbnails for package [/Game/Blueprints/TracerController]
[2017.09.06-04.52.53:807][595]LogSavePackage: Save=65.09ms
[2017.09.06-04.52.53:807][595]LogSavePackage: Moving '../../../../../Unreal Projects/BlueprintsFoundation/Foundation/Saved/TracerController_Auto9A43AA98F4151FB8E842D199C1974F30B.tmp' to '../../../../../Unreal Projects/BlueprintsFoundation/Foundation/Saved/Autosaves/Game/Blueprints/TracerController_Auto9.uasset'
[2017.09.06-04.52.53:808][595]LogSavePackage:Display: Finished SavePackage ../../../../../Unreal Projects/BlueprintsFoundation/Foundation/Saved/Autosaves/Game/Blueprints/TracerController_Auto9.uasset
[2017.09.06-04.52.53:808][595]LogFileHelpers: Auto-saving content packages took 0.074
[2017.09.06-04.55.08:646][ 75]BlueprintLog: New page: Compile TracerController
[2017.09.06-04.55.10:051][216]Cmd: OBJ SAVEPACKAGE PACKAGE="/Game/Blueprints/TracerController" FILE="../../../../../Unreal Projects/BlueprintsFoundation/Foundation/Content/Blueprints/TracerController.uasset" SILENT=true
[2017.09.06-04.55.10:121][216]LogSavePackage: Save=67.33ms
[2017.09.06-04.55.10:121][216]LogSavePackage: Moving '../../../../../Unreal Projects/BlueprintsFoundation/Foundation/Saved/TracerController047AB28949E48D0C9164BD8BD9B4ADA5.tmp' to '../../../../../Unreal Projects/BlueprintsFoundation/Foundation/Content/Blueprints/TracerController.uasset'
[2017.09.06-04.55.10:126][216]LogSavePackage:Display: Finished SavePackage ../../../../../Unreal Projects/BlueprintsFoundation/Foundation/Content/Blueprints/TracerController.uasset
